[debug] [2024-01-30T05:56:13.453Z] ----------------------------------------------------------------------
[debug] [2024-01-30T05:56:13.462Z] Command:       C:\Program Files\nodejs\node.exe C:\Users\User\AppData\Roaming\npm\node_modules\firebase-tools\lib\bin\firebase.js init
[debug] [2024-01-30T05:56:13.463Z] CLI Version:   13.1.0
[debug] [2024-01-30T05:56:13.464Z] Platform:      win32
[debug] [2024-01-30T05:56:13.464Z] Node Version:  v21.4.0
[debug] [2024-01-30T05:56:13.464Z] Time:          Tue Jan 30 2024 01:56:13 GMT-0400 (hora de Bolivia)
[debug] [2024-01-30T05:56:13.465Z] ----------------------------------------------------------------------
[debug] 
[debug] [2024-01-30T05:56:13.476Z] >>> [apiv2][query] GET https://firebase-public.firebaseio.com/cli.json [none]
[debug] [2024-01-30T05:56:13.588Z] > command requires scopes: ["email","openid","https://www.googleapis.com/auth/cloudplatformprojects.readonly","https://www.googleapis.com/auth/firebase","https://www.googleapis.com/auth/cloud-platform"]
[debug] [2024-01-30T05:56:13.589Z] > authorizing via signed-in user (cruzlino021@gmail.com)
[info] 
     ######## #### ########  ######## ########     ###     ######  ########
     ##        ##  ##     ## ##       ##     ##  ##   ##  ##       ##
     ######    ##  ########  ######   ########  #########  ######  ######
     ##        ##  ##    ##  ##       ##     ## ##     ##       ## ##
     ##       #### ##     ## ######## ########  ##     ##  ######  ########

You're about to initialize a Firebase project in this directory:

  C:\Users\User\Desktop\JuegosMatematicas\JuegosMatematico

[debug] [2024-01-30T05:56:14.169Z] <<< [apiv2][status] GET https://firebase-public.firebaseio.com/cli.json 200
[debug] [2024-01-30T05:56:14.170Z] <<< [apiv2][body] GET https://firebase-public.firebaseio.com/cli.json {"cloudBuildErrorAfter":1594252800000,"cloudBuildWarnAfter":1590019200000,"defaultNode10After":1594252800000,"minVersion":"3.0.5","node8DeploysDisabledAfter":1613390400000,"node8RuntimeDisabledAfter":1615809600000,"node8WarnAfter":1600128000000}
[info] 
=== Project Setup
[info] 
[info] First, let's associate this project directory with a Firebase project.
[info] You can create multiple project aliases by running firebase use --add, 
[info] but for now we'll just set up a default project.
[info] 
[debug] [2024-01-30T05:57:57.852Z] > refreshing access token with scopes: []
[debug] [2024-01-30T05:57:57.854Z] >>> [apiv2][query] POST https://www.googleapis.com/oauth2/v3/token [none]
[debug] [2024-01-30T05:57:57.854Z] >>> [apiv2][body] POST https://www.googleapis.com/oauth2/v3/token [omitted]
[debug] [2024-01-30T05:57:58.190Z] <<< [apiv2][status] POST https://www.googleapis.com/oauth2/v3/token 200
[debug] [2024-01-30T05:57:58.190Z] <<< [apiv2][body] POST https://www.googleapis.com/oauth2/v3/token [omitted]
[debug] [2024-01-30T05:57:58.206Z] >>> [apiv2][query] GET https://firebase.googleapis.com/v1beta1/projects pageSize=100
[debug] [2024-01-30T05:57:59.051Z] <<< [apiv2][status] GET https://firebase.googleapis.com/v1beta1/projects 200
[debug] [2024-01-30T05:57:59.051Z] <<< [apiv2][body] GET https://firebase.googleapis.com/v1beta1/projects [omitted]
[info] i  Using project juegosmatematicas-b4f5b (JuegosMatematicas) 
[info] 
=== Hosting Setup
[debug] [2024-01-30T05:58:10.581Z] >>> [apiv2][query] GET https://firebase.googleapis.com/v1beta1/projects/juegosmatematicas-b4f5b [none]
[debug] [2024-01-30T05:58:11.119Z] <<< [apiv2][status] GET https://firebase.googleapis.com/v1beta1/projects/juegosmatematicas-b4f5b 200
[debug] [2024-01-30T05:58:11.119Z] <<< [apiv2][body] GET https://firebase.googleapis.com/v1beta1/projects/juegosmatematicas-b4f5b {"projectId":"juegosmatematicas-b4f5b","projectNumber":"721465637580","displayName":"JuegosMatematicas","name":"projects/juegosmatematicas-b4f5b","resources":{"hostingSite":"juegosmatematicas-b4f5b"},"state":"ACTIVE","etag":"1_a58191ea-0016-44e5-896f-7250bae8167e"}
[info] 
[info] Your public directory is the folder (relative to your project directory) that
[info] will contain Hosting assets to be uploaded with firebase deploy. If you
[info] have a build process for your assets, use your build's output directory.
[info] 
[debug] [2024-01-30T06:00:13.968Z] ----------------------------------------------------------------------
[debug] [2024-01-30T06:00:13.976Z] Command:       C:\Program Files\nodejs\node.exe C:\Users\User\AppData\Roaming\npm\node_modules\firebase-tools\lib\bin\firebase.js init
[debug] [2024-01-30T06:00:13.977Z] CLI Version:   13.1.0
[debug] [2024-01-30T06:00:13.977Z] Platform:      win32
[debug] [2024-01-30T06:00:13.977Z] Node Version:  v21.4.0
[debug] [2024-01-30T06:00:13.978Z] Time:          Tue Jan 30 2024 02:00:13 GMT-0400 (hora de Bolivia)
[debug] [2024-01-30T06:00:13.978Z] ----------------------------------------------------------------------
[debug] 
[debug] [2024-01-30T06:00:13.991Z] > command requires scopes: ["email","openid","https://www.googleapis.com/auth/cloudplatformprojects.readonly","https://www.googleapis.com/auth/firebase","https://www.googleapis.com/auth/cloud-platform"]
[debug] [2024-01-30T06:00:13.992Z] > authorizing via signed-in user (cruzlino021@gmail.com)
[info] 
     ######## #### ########  ######## ########     ###     ######  ########
     ##        ##  ##     ## ##       ##     ##  ##   ##  ##       ##
     ######    ##  ########  ######   ########  #########  ######  ######
     ##        ##  ##    ##  ##       ##     ## ##     ##       ## ##
     ##       #### ##     ## ######## ########  ##     ##  ######  ########

You're about to initialize a Firebase project in this directory:

  C:\Users\User\Desktop\JuegosMatematicas\JuegosMatematico

[info] 
=== Project Setup
[info] 
[info] First, let's associate this project directory with a Firebase project.
[info] You can create multiple project aliases by running firebase use --add, 
[info] but for now we'll just set up a default project.
[info] 
[debug] [2024-01-30T06:00:24.597Z] >>> [apiv2][query] GET https://firebase.googleapis.com/v1beta1/projects pageSize=100
[debug] [2024-01-30T06:00:25.539Z] <<< [apiv2][status] GET https://firebase.googleapis.com/v1beta1/projects 200
[debug] [2024-01-30T06:00:25.539Z] <<< [apiv2][body] GET https://firebase.googleapis.com/v1beta1/projects [omitted]
[info] i  Using project juegosmatematicas-b4f5b (JuegosMatematicas) 
[info] 
=== Hosting Setup
[debug] [2024-01-30T06:00:27.277Z] >>> [apiv2][query] GET https://firebase.googleapis.com/v1beta1/projects/juegosmatematicas-b4f5b [none]
[debug] [2024-01-30T06:00:27.659Z] <<< [apiv2][status] GET https://firebase.googleapis.com/v1beta1/projects/juegosmatematicas-b4f5b 200
[debug] [2024-01-30T06:00:27.659Z] <<< [apiv2][body] GET https://firebase.googleapis.com/v1beta1/projects/juegosmatematicas-b4f5b {"projectId":"juegosmatematicas-b4f5b","projectNumber":"721465637580","displayName":"JuegosMatematicas","name":"projects/juegosmatematicas-b4f5b","resources":{"hostingSite":"juegosmatematicas-b4f5b"},"state":"ACTIVE","etag":"1_a58191ea-0016-44e5-896f-7250bae8167e"}
[info] 
[info] Your public directory is the folder (relative to your project directory) that
[info] will contain Hosting assets to be uploaded with firebase deploy. If you
[info] have a build process for your assets, use your build's output directory.
[info] 
[debug] [2024-01-30T06:00:58.158Z] >>> [apiv2][query] GET https://www.gstatic.com/firebasejs/releases.json [none]
[debug] [2024-01-30T06:00:58.974Z] <<< [apiv2][status] GET https://www.gstatic.com/firebasejs/releases.json 200
[debug] [2024-01-30T06:00:58.974Z] <<< [apiv2][body] GET https://www.gstatic.com/firebasejs/releases.json {"current":{"version":"10.7.2","browserURL":"https://www.gstatic.com/firebasejs/10.7.2/firebase.js","packageURL":"https://www.gstatic.com/firebasejs/10.7.2/firebase.tgz"},"live":{"version":"10.7","browserURL":"https://www.gstatic.com/firebasejs/live/10.7/firebase.js","packageURL":"https://www.gstatic.com/firebasejs/live/10.7/firebase.tgz"},"components":{"analytics":"https://www.gstatic.com/firebasejs/10.7.2/firebase-analytics.js","app":"https://www.gstatic.com/firebasejs/10.7.2/firebase-app.js","app-check":"https://www.gstatic.com/firebasejs/10.7.2/firebase-app-check.js","auth":"https://www.gstatic.com/firebasejs/10.7.2/firebase-auth.js","auth/cordova":"https://www.gstatic.com/firebasejs/10.7.2/firebase-auth/cordova.js","functions":"https://www.gstatic.com/firebasejs/10.7.2/firebase-functions.js","firestore":"https://www.gstatic.com/firebasejs/10.7.2/firebase-firestore.js","firestore/lite":"https://www.gstatic.com/firebasejs/10.7.2/firebase-firestore/lite.js","installations":"https://www.gstatic.com/firebasejs/10.7.2/firebase-installations.js","storage":"https://www.gstatic.com/firebasejs/10.7.2/firebase-storage.js","performance":"https://www.gstatic.com/firebasejs/10.7.2/firebase-performance.js","remote-config":"https://www.gstatic.com/firebasejs/10.7.2/firebase-remote-config.js","messaging":"https://www.gstatic.com/firebasejs/10.7.2/firebase-messaging.js","messaging/sw":"https://www.gstatic.com/firebasejs/10.7.2/firebase-messaging/sw.js","database":"https://www.gstatic.com/firebasejs/10.7.2/firebase-database.js","firestore.memory":"https://www.gstatic.com/firebasejs/10.7.2/firebase-firestore.memory.js"}}
[info] i  Skipping write of public/index.html 
[info] 
[info] i  Detected a .git folder at C:\Users\User\Desktop\JuegosMatematicas\JuegosMatematico 
[info] i  Authorizing with GitHub to upload your service account to a GitHub repository's secrets store. 
[info] 
[info] Visit this URL on this device to log in:
[info] https://github.com/login/oauth/authorize?client_id=89cf50f02ac6aaed3484&state=286647276&redirect_uri=http%3A%2F%2Flocalhost%3A9005&scope=read%3Auser%20repo%20public_repo
[info] 
[info] Waiting for authentication...
[debug] [2024-01-30T06:01:32.130Z] >>> [apiv2][query] POST https://github.com/login/oauth/access_token [none]
[debug] [2024-01-30T06:01:32.132Z] >>> [apiv2][body] POST https://github.com/login/oauth/access_token [stream]
[debug] [2024-01-30T06:01:32.883Z] <<< [apiv2][status] POST https://github.com/login/oauth/access_token 200
[debug] [2024-01-30T06:01:32.883Z] <<< [apiv2][body] POST https://github.com/login/oauth/access_token {"access_token":"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","token_type":"bearer","scope":"read:user,repo"}
[debug] [2024-01-30T06:01:32.900Z] >>> [apiv2][query] GET https://api.github.com/user [none]
[debug] [2024-01-30T06:01:33.588Z] <<< [apiv2][status] GET https://api.github.com/user 200
[debug] [2024-01-30T06:01:33.588Z] <<< [apiv2][body] GET https://api.github.com/user {"login":"JCesar25","id":153245665,"node_id":"U_kgDOCSJX4Q","avatar_url":"https://avatars.githubusercontent.com/u/153245665?v=4","gravatar_id":"","url":"https://api.github.com/users/JCesar25","html_url":"https://github.com/JCesar25","followers_url":"https://api.github.com/users/JCesar25/followers","following_url":"https://api.github.com/users/JCesar25/following{/other_user}","gists_url":"https://api.github.com/users/JCesar25/gists{/gist_id}","starred_url":"https://api.github.com/users/JCesar25/starred{/owner}{/repo}","subscriptions_url":"https://api.github.com/users/JCesar25/subscriptions","organizations_url":"https://api.github.com/users/JCesar25/orgs","repos_url":"https://api.github.com/users/JCesar25/repos","events_url":"https://api.github.com/users/JCesar25/events{/privacy}","received_events_url":"https://api.github.com/users/JCesar25/received_events","type":"User","site_admin":false,"name":null,"company":null,"blog":"","location":null,"email":null,"hireable":null,"bio":null,"twitter_username":null,"public_repos":7,"public_gists":0,"followers":0,"following":0,"created_at":"2023-12-08T00:48:24Z","updated_at":"2024-01-30T03:37:10Z","private_gists":0,"total_private_repos":0,"owned_private_repos":0,"disk_usage":1449,"collaborators":0,"two_factor_authentication":false,"plan":{"name":"free","space":976562499,"collaborators":0,"private_repos":10000}}
[info] 
[info] +  Success! Logged into GitHub as JCesar25 
[info] 
